<?xml version="1.0" encoding="UTF-8"?>
<!-- Generated by org.testng.reporters.JUnitXMLReporter -->
<testsuite ignored="1" hostname="TTNPL-BhawanaPandey" failures="0" tests="1" name="Test" time="7.531" errors="0" timestamp="2023-03-22T14:37:03 IST">
  <testcase classname="org.ttn.SeleniumMaven.DemoText" name="@BeforeMethod launch" time="7.482">
    <failure type="java.lang.AssertionError" message=" false hai bhai  expected [DEMOQA] but found [hello]">
      <![CDATA[java.lang.AssertionError:  false hai bhai  expected [DEMOQA] but found [hello]
at org.ttn.SeleniumMaven.DemoText.launch(DemoText.java:23)
at java.base/java.util.ArrayList.forEach(ArrayList.java:1511)
... Removed 36 stack frames]]>
    </failure>
  </testcase> <!-- @BeforeMethod launch -->
  <testcase classname="org.ttn.SeleniumMaven.DemoText" name="@AfterMethod closebrowser" time="-1.679476023754E9">
    <skipped/>
  </testcase> <!-- @AfterMethod closebrowser -->
  <testcase classname="org.ttn.SeleniumMaven.DemoText" name="demo2" time="0.0">
    <skipped/>
  </testcase> <!-- demo2 -->
  <testcase classname="org.ttn.SeleniumMaven.DemoText" name="demo1" time="0.0">
    <ignored/>
  </testcase> <!-- demo1 -->
</testsuite> <!-- Test -->
